<?xml version="1.0" encoding="UTF-8"?>
<!-- Generated by org.testng.reporters.JUnitReportReporter -->
<testsuite skipped="0" hostname="Home-PC" name="com.capg.demotestng.TestNGDemoTest" tests="2" failures="0" timestamp="09 Sep 2018 03:47:08 GMT" time="0.017" errors="0">
  <testcase name="loginPage" time="0.014" classname="com.capg.demotestng.TestNGDemoTest"/>
  <testcase name="welcomePage" time="0.003" classname="com.capg.demotestng.TestNGDemoTest"/>
</testsuite> <!-- com.capg.demotestng.TestNGDemoTest -->
