<?xml version="1.0" encoding="UTF-8"?>
<!-- Generated by org.testng.reporters.JUnitReportReporter -->
<testsuite skipped="0" hostname="Home-PC" name="com.capg.demotestng.SideMenuTest" tests="1" failures="0" timestamp="09 Sep 2018 03:47:08 GMT" time="0.002" errors="0">
  <testcase name="sideMenuNavigation" time="0.002" classname="com.capg.demotestng.SideMenuTest"/>
</testsuite> <!-- com.capg.demotestng.SideMenuTest -->
